<?xml version="1.0" encoding="UTF-8"?>
<testsuite name="de.friday.suite.util.XMLUtilTest" tests="1" skipped="0" failures="0" errors="0" timestamp="2019-07-19T09:15:57" hostname="runner-c9ea9c18-project-2-concurrent-0" time="0.009">
  <properties/>
  <testcase name="getXmlDateCET" classname="de.friday.suite.util.XMLUtilTest" time="0.009"/>
  <system-out><![CDATA[]]></system-out>
  <system-err><![CDATA[]]></system-err>
</testsuite>
